2024-08-11 00:51:13	2	SERVER -> CLIENT: 220 smtp.gmail.com ESMTP 46e09a7af769-70c7b80d7e4sm798197a34.13 - gsmtp

2024-08-11 00:51:13	1	CLIENT -> SERVER: EHLO localhost

2024-08-11 00:51:13	2	SERVER -> CLIENT: 250-smtp.gmail.com at your service, [38.7.99.213]
250-SIZE 35882577
250-8BITMIME
250-STARTTLS
250-ENHANCEDSTATUSCODES
250-PIPELINING
250-CHUNKING
250 SMTPUTF8

2024-08-11 00:51:13	1	CLIENT -> SERVER: STARTTLS

2024-08-11 00:51:13	2	SERVER -> CLIENT: 220 2.0.0 Ready to start TLS

2024-08-11 00:51:13	1	CLIENT -> SERVER: EHLO localhost

2024-08-11 00:51:13	2	SERVER -> CLIENT: 250-smtp.gmail.com at your service, [38.7.99.213]
250-SIZE 35882577
250-8BITMIME
250-AUTH LOGIN PLAIN XOAUTH2 PLAIN-CLIENTTOKEN OAUTHBEARER XOAUTH
250-ENHANCEDSTATUSCODES
250-PIPELINING
250-CHUNKING
250 SMTPUTF8

2024-08-11 00:51:13	1	CLIENT -> SERVER: AUTH LOGIN

2024-08-11 00:51:13	2	SERVER -> CLIENT: 334 VXNlcm5hbWU6

2024-08-11 00:51:13	1	CLIENT -> SERVER: [credentials hidden]
2024-08-11 00:51:13	2	SERVER -> CLIENT: 334 UGFzc3dvcmQ6

2024-08-11 00:51:13	1	CLIENT -> SERVER: [credentials hidden]
2024-08-11 00:51:14	2	SERVER -> CLIENT: 535-5.7.8 Username and Password not accepted. For more information, go to
535 5.7.8  https://support.google.com/mail/?p=BadCredentials 46e09a7af769-70c7b80d7e4sm798197a34.13 - gsmtp

2024-08-11 00:51:14	1	SMTP ERROR: Password command failed: 535-5.7.8 Username and Password not accepted. For more information, go to
535 5.7.8  https://support.google.com/mail/?p=BadCredentials 46e09a7af769-70c7b80d7e4sm798197a34.13 - gsmtp

2024-08-11 00:51:14	2	SMTP Error: Could not authenticate.
2024-08-11 00:51:14	1	CLIENT -> SERVER: QUIT

2024-08-11 00:51:14	2	SERVER -> CLIENT: 221 2.0.0 closing connection 46e09a7af769-70c7b80d7e4sm798197a34.13 - gsmtp

2024-08-11 00:51:14	2	SMTP Error: Could not authenticate.
2024-08-11 00:51:56	2	SERVER -> CLIENT: 220 smtp.gmail.com ESMTP 46e09a7af769-70c7b88f4desm797819a34.65 - gsmtp

2024-08-11 00:51:56	1	CLIENT -> SERVER: EHLO localhost

2024-08-11 00:51:56	2	SERVER -> CLIENT: 250-smtp.gmail.com at your service, [38.7.99.213]
250-SIZE 35882577
250-8BITMIME
250-STARTTLS
250-ENHANCEDSTATUSCODES
250-PIPELINING
250-CHUNKING
250 SMTPUTF8

2024-08-11 00:51:56	1	CLIENT -> SERVER: STARTTLS

2024-08-11 00:51:56	2	SERVER -> CLIENT: 220 2.0.0 Ready to start TLS

2024-08-11 00:51:56	1	CLIENT -> SERVER: EHLO localhost

2024-08-11 00:51:56	2	SERVER -> CLIENT: 250-smtp.gmail.com at your service, [38.7.99.213]
250-SIZE 35882577
250-8BITMIME
250-AUTH LOGIN PLAIN XOAUTH2 PLAIN-CLIENTTOKEN OAUTHBEARER XOAUTH
250-ENHANCEDSTATUSCODES
250-PIPELINING
250-CHUNKING
250 SMTPUTF8

2024-08-11 00:51:56	1	CLIENT -> SERVER: AUTH LOGIN

2024-08-11 00:51:56	2	SERVER -> CLIENT: 334 VXNlcm5hbWU6

2024-08-11 00:51:56	1	CLIENT -> SERVER: [credentials hidden]
2024-08-11 00:51:56	2	SERVER -> CLIENT: 334 UGFzc3dvcmQ6

2024-08-11 00:51:56	1	CLIENT -> SERVER: [credentials hidden]
2024-08-11 00:51:57	2	SERVER -> CLIENT: 535-5.7.8 Username and Password not accepted. For more information, go to
535 5.7.8  https://support.google.com/mail/?p=BadCredentials 46e09a7af769-70c7b88f4desm797819a34.65 - gsmtp

2024-08-11 00:51:57	1	SMTP ERROR: Password command failed: 535-5.7.8 Username and Password not accepted. For more information, go to
535 5.7.8  https://support.google.com/mail/?p=BadCredentials 46e09a7af769-70c7b88f4desm797819a34.65 - gsmtp

2024-08-11 00:51:57	2	SMTP Error: Could not authenticate.
2024-08-11 00:51:57	1	CLIENT -> SERVER: QUIT

2024-08-11 00:51:57	2	SERVER -> CLIENT: 221 2.0.0 closing connection 46e09a7af769-70c7b88f4desm797819a34.65 - gsmtp

2024-08-11 00:51:57	2	SMTP Error: Could not authenticate.
2024-08-11 01:04:15	2	SERVER -> CLIENT: 220 smtp.gmail.com ESMTP 586e51a60fabf-26c72091b2asm1049879fac.20 - gsmtp

2024-08-11 01:04:15	1	CLIENT -> SERVER: EHLO localhost

2024-08-11 01:04:15	2	SERVER -> CLIENT: 250-smtp.gmail.com at your service, [38.7.99.213]
250-SIZE 35882577
250-8BITMIME
250-STARTTLS
250-ENHANCEDSTATUSCODES
250-PIPELINING
250-CHUNKING
250 SMTPUTF8

2024-08-11 01:04:15	1	CLIENT -> SERVER: STARTTLS

2024-08-11 01:04:15	2	SERVER -> CLIENT: 220 2.0.0 Ready to start TLS

2024-08-11 01:04:16	1	CLIENT -> SERVER: EHLO localhost

2024-08-11 01:04:16	2	SERVER -> CLIENT: 250-smtp.gmail.com at your service, [38.7.99.213]
250-SIZE 35882577
250-8BITMIME
250-AUTH LOGIN PLAIN XOAUTH2 PLAIN-CLIENTTOKEN OAUTHBEARER XOAUTH
250-ENHANCEDSTATUSCODES
250-PIPELINING
250-CHUNKING
250 SMTPUTF8

2024-08-11 01:04:16	1	CLIENT -> SERVER: AUTH LOGIN

2024-08-11 01:04:16	2	SERVER -> CLIENT: 334 VXNlcm5hbWU6

2024-08-11 01:04:16	1	CLIENT -> SERVER: [credentials hidden]
2024-08-11 01:04:16	2	SERVER -> CLIENT: 334 UGFzc3dvcmQ6

2024-08-11 01:04:16	1	CLIENT -> SERVER: [credentials hidden]
2024-08-11 01:04:16	2	SERVER -> CLIENT: 535-5.7.8 Username and Password not accepted. For more information, go to
535 5.7.8  https://support.google.com/mail/?p=BadCredentials 586e51a60fabf-26c72091b2asm1049879fac.20 - gsmtp

2024-08-11 01:04:16	1	SMTP ERROR: Password command failed: 535-5.7.8 Username and Password not accepted. For more information, go to
535 5.7.8  https://support.google.com/mail/?p=BadCredentials 586e51a60fabf-26c72091b2asm1049879fac.20 - gsmtp

2024-08-11 01:04:16	2	SMTP Error: Could not authenticate.
2024-08-11 01:04:16	1	CLIENT -> SERVER: QUIT

2024-08-11 01:04:16	2	SERVER -> CLIENT: 221 2.0.0 closing connection 586e51a60fabf-26c72091b2asm1049879fac.20 - gsmtp

2024-08-11 01:04:16	2	SMTP Error: Could not authenticate.
2024-08-11 01:24:40	2	SERVER -> CLIENT: 220 smtp.gmail.com ESMTP 586e51a60fabf-26c723035a1sm1058095fac.57 - gsmtp

2024-08-11 01:24:40	1	CLIENT -> SERVER: EHLO localhost

2024-08-11 01:24:40	2	SERVER -> CLIENT: 250-smtp.gmail.com at your service, [38.7.99.213]
250-SIZE 35882577
250-8BITMIME
250-STARTTLS
250-ENHANCEDSTATUSCODES
250-PIPELINING
250-CHUNKING
250 SMTPUTF8

2024-08-11 01:24:40	1	CLIENT -> SERVER: STARTTLS

2024-08-11 01:24:40	2	SERVER -> CLIENT: 220 2.0.0 Ready to start TLS

2024-08-11 01:24:41	1	CLIENT -> SERVER: EHLO localhost

2024-08-11 01:24:41	2	SERVER -> CLIENT: 250-smtp.gmail.com at your service, [38.7.99.213]
250-SIZE 35882577
250-8BITMIME
250-AUTH LOGIN PLAIN XOAUTH2 PLAIN-CLIENTTOKEN OAUTHBEARER XOAUTH
250-ENHANCEDSTATUSCODES
250-PIPELINING
250-CHUNKING
250 SMTPUTF8

2024-08-11 01:24:41	1	CLIENT -> SERVER: AUTH LOGIN

2024-08-11 01:24:41	2	SERVER -> CLIENT: 334 VXNlcm5hbWU6

2024-08-11 01:24:41	1	CLIENT -> SERVER: [credentials hidden]
2024-08-11 01:24:41	2	SERVER -> CLIENT: 334 UGFzc3dvcmQ6

2024-08-11 01:24:41	1	CLIENT -> SERVER: [credentials hidden]
2024-08-11 01:24:41	2	SERVER -> CLIENT: 235 2.7.0 Accepted

2024-08-11 01:24:41	1	CLIENT -> SERVER: MAIL FROM:<betancurtsamuel13@gmail.com>

2024-08-11 01:24:41	2	SERVER -> CLIENT: 250 2.1.0 OK 586e51a60fabf-26c723035a1sm1058095fac.57 - gsmtp

2024-08-11 01:24:41	1	CLIENT -> SERVER: RCPT TO:<betancurtsamuel12@gmail.com>

2024-08-11 01:24:41	2	SERVER -> CLIENT: 250 2.1.5 OK 586e51a60fabf-26c723035a1sm1058095fac.57 - gsmtp

2024-08-11 01:24:41	1	CLIENT -> SERVER: DATA

2024-08-11 01:24:42	2	SERVER -> CLIENT: 354  Go ahead 586e51a60fabf-26c723035a1sm1058095fac.57 - gsmtp

2024-08-11 01:24:42	1	CLIENT -> SERVER: Date: Sun, 11 Aug 2024 03:24:40 +0200

2024-08-11 01:24:42	1	CLIENT -> SERVER: To: betancurtsamuel12@gmail.com

2024-08-11 01:24:42	1	CLIENT -> SERVER: From: ITGS <betancurtsamuel13@gmail.com>

2024-08-11 01:24:42	1	CLIENT -> SERVER: Subject: =?iso-8859-1?Q?Folio_de_tu_petici=C3=B3n?=

2024-08-11 01:24:42	1	CLIENT -> SERVER: Message-ID: <T99CP0NwWTQ3LquEI6iEIPn5Gj7uXpjmvFIvs3URh4@localhost>

2024-08-11 01:24:42	1	CLIENT -> SERVER: X-Mailer: PHPMailer 6.9.1 (https://github.com/PHPMailer/PHPMailer)

2024-08-11 01:24:42	1	CLIENT -> SERVER: MIME-Version: 1.0

2024-08-11 01:24:42	1	CLIENT -> SERVER: Content-Type: text/plain; charset=iso-8859-1

2024-08-11 01:24:42	1	CLIENT -> SERVER: 

2024-08-11 01:24:42	1	CLIENT -> SERVER: Hola,

2024-08-11 01:24:42	1	CLIENT -> SERVER: 

2024-08-11 01:24:42	1	CLIENT -> SERVER: Tu folio es: PET-20240811-00012.

2024-08-11 01:24:42	1	CLIENT -> SERVER: Gracias por usar nuestro servicio.

2024-08-11 01:24:42	1	CLIENT -> SERVER: 

2024-08-11 01:24:42	1	CLIENT -> SERVER: .

2024-08-11 01:24:42	2	SERVER -> CLIENT: 250 2.0.0 OK  1723339309 586e51a60fabf-26c723035a1sm1058095fac.57 - gsmtp

2024-08-11 01:24:42	1	CLIENT -> SERVER: QUIT

2024-08-11 01:24:42	2	SERVER -> CLIENT: 221 2.0.0 closing connection 586e51a60fabf-26c723035a1sm1058095fac.57 - gsmtp

2024-08-11 01:26:23	2	SERVER -> CLIENT: 220 smtp.gmail.com ESMTP 46e09a7af769-70c7b88f7afsm805214a34.66 - gsmtp

2024-08-11 01:26:23	1	CLIENT -> SERVER: EHLO localhost

2024-08-11 01:26:23	2	SERVER -> CLIENT: 250-smtp.gmail.com at your service, [38.7.99.213]
250-SIZE 35882577
250-8BITMIME
250-STARTTLS
250-ENHANCEDSTATUSCODES
250-PIPELINING
250-CHUNKING
250 SMTPUTF8

2024-08-11 01:26:23	1	CLIENT -> SERVER: STARTTLS

2024-08-11 01:26:23	2	SERVER -> CLIENT: 220 2.0.0 Ready to start TLS

2024-08-11 01:26:24	1	CLIENT -> SERVER: EHLO localhost

2024-08-11 01:26:24	2	SERVER -> CLIENT: 250-smtp.gmail.com at your service, [38.7.99.213]
250-SIZE 35882577
250-8BITMIME
250-AUTH LOGIN PLAIN XOAUTH2 PLAIN-CLIENTTOKEN OAUTHBEARER XOAUTH
250-ENHANCEDSTATUSCODES
250-PIPELINING
250-CHUNKING
250 SMTPUTF8

2024-08-11 01:26:24	1	CLIENT -> SERVER: AUTH LOGIN

2024-08-11 01:26:24	2	SERVER -> CLIENT: 334 VXNlcm5hbWU6

2024-08-11 01:26:24	1	CLIENT -> SERVER: [credentials hidden]
2024-08-11 01:26:24	2	SERVER -> CLIENT: 334 UGFzc3dvcmQ6

2024-08-11 01:26:24	1	CLIENT -> SERVER: [credentials hidden]
2024-08-11 01:26:24	2	SERVER -> CLIENT: 235 2.7.0 Accepted

2024-08-11 01:26:24	1	CLIENT -> SERVER: MAIL FROM:<betancurtsamuel13@gmail.com>

2024-08-11 01:26:24	2	SERVER -> CLIENT: 250 2.1.0 OK 46e09a7af769-70c7b88f7afsm805214a34.66 - gsmtp

2024-08-11 01:26:24	1	CLIENT -> SERVER: RCPT TO:<betancurtsamuel12@gmail.com>

2024-08-11 01:26:24	2	SERVER -> CLIENT: 250 2.1.5 OK 46e09a7af769-70c7b88f7afsm805214a34.66 - gsmtp

2024-08-11 01:26:24	1	CLIENT -> SERVER: DATA

2024-08-11 01:26:24	2	SERVER -> CLIENT: 354  Go ahead 46e09a7af769-70c7b88f7afsm805214a34.66 - gsmtp

2024-08-11 01:26:24	1	CLIENT -> SERVER: Date: Sun, 11 Aug 2024 03:26:23 +0200

2024-08-11 01:26:24	1	CLIENT -> SERVER: To: betancurtsamuel12@gmail.com

2024-08-11 01:26:24	1	CLIENT -> SERVER: From: ITGS <betancurtsamuel13@gmail.com>

2024-08-11 01:26:24	1	CLIENT -> SERVER: Subject: Folio de tu peticion

2024-08-11 01:26:24	1	CLIENT -> SERVER: Message-ID: <rOaPtegOlIb49cXRt9gj88l2yoDHWoFWr3dlm12w@localhost>

2024-08-11 01:26:24	1	CLIENT -> SERVER: X-Mailer: PHPMailer 6.9.1 (https://github.com/PHPMailer/PHPMailer)

2024-08-11 01:26:24	1	CLIENT -> SERVER: MIME-Version: 1.0

2024-08-11 01:26:24	1	CLIENT -> SERVER: Content-Type: text/plain; charset=iso-8859-1

2024-08-11 01:26:24	1	CLIENT -> SERVER: 

2024-08-11 01:26:24	1	CLIENT -> SERVER: Hola,

2024-08-11 01:26:24	1	CLIENT -> SERVER: 

2024-08-11 01:26:24	1	CLIENT -> SERVER: Tu folio es: PET-20240811-00013.

2024-08-11 01:26:24	1	CLIENT -> SERVER: Gracias por usar nuestro servicio.

2024-08-11 01:26:24	1	CLIENT -> SERVER: 

2024-08-11 01:26:24	1	CLIENT -> SERVER: .

2024-08-11 01:26:25	2	SERVER -> CLIENT: 250 2.0.0 OK  1723339412 46e09a7af769-70c7b88f7afsm805214a34.66 - gsmtp

2024-08-11 01:26:25	1	CLIENT -> SERVER: QUIT

2024-08-11 01:26:25	2	SERVER -> CLIENT: 221 2.0.0 closing connection 46e09a7af769-70c7b88f7afsm805214a34.66 - gsmtp

2024-08-13 02:27:08	2	SERVER -> CLIENT: 220 smtp.gmail.com ESMTP 006d021491bc7-5da3e555113sm1520405eaf.17 - gsmtp

2024-08-13 02:27:08	1	CLIENT -> SERVER: EHLO localhost

2024-08-13 02:27:08	2	SERVER -> CLIENT: 250-smtp.gmail.com at your service, [187.189.44.117]
250-SIZE 35882577
250-8BITMIME
250-STARTTLS
250-ENHANCEDSTATUSCODES
250-PIPELINING
250-CHUNKING
250 SMTPUTF8

2024-08-13 02:27:08	1	CLIENT -> SERVER: STARTTLS

2024-08-13 02:27:08	2	SERVER -> CLIENT: 220 2.0.0 Ready to start TLS

2024-08-13 02:27:08	1	CLIENT -> SERVER: EHLO localhost

2024-08-13 02:27:08	2	SERVER -> CLIENT: 250-smtp.gmail.com at your service, [187.189.44.117]
250-SIZE 35882577
250-8BITMIME
250-AUTH LOGIN PLAIN XOAUTH2 PLAIN-CLIENTTOKEN OAUTHBEARER XOAUTH
250-ENHANCEDSTATUSCODES
250-PIPELINING
250-CHUNKING
250 SMTPUTF8

2024-08-13 02:27:08	1	CLIENT -> SERVER: AUTH LOGIN

2024-08-13 02:27:08	2	SERVER -> CLIENT: 334 VXNlcm5hbWU6

2024-08-13 02:27:08	1	CLIENT -> SERVER: [credentials hidden]
2024-08-13 02:27:08	2	SERVER -> CLIENT: 334 UGFzc3dvcmQ6

2024-08-13 02:27:08	1	CLIENT -> SERVER: [credentials hidden]
2024-08-13 02:27:08	2	SERVER -> CLIENT: 535-5.7.8 Username and Password not accepted. For more information, go to
535 5.7.8  https://support.google.com/mail/?p=BadCredentials 006d021491bc7-5da3e555113sm1520405eaf.17 - gsmtp

2024-08-13 02:27:08	1	SMTP ERROR: Password command failed: 535-5.7.8 Username and Password not accepted. For more information, go to
535 5.7.8  https://support.google.com/mail/?p=BadCredentials 006d021491bc7-5da3e555113sm1520405eaf.17 - gsmtp

2024-08-13 02:27:08	2	SMTP Error: Could not authenticate.
2024-08-13 02:27:08	1	CLIENT -> SERVER: QUIT

2024-08-13 02:27:08	2	SERVER -> CLIENT: 221 2.0.0 closing connection 006d021491bc7-5da3e555113sm1520405eaf.17 - gsmtp

2024-08-13 02:27:08	2	SMTP Error: Could not authenticate.
2024-08-13 03:00:59	2	SERVER -> CLIENT: 220 smtp.gmail.com ESMTP 46e09a7af769-70c7b829ae3sm1713971a34.43 - gsmtp

2024-08-13 03:00:59	1	CLIENT -> SERVER: EHLO localhost

2024-08-13 03:00:59	2	SERVER -> CLIENT: 250-smtp.gmail.com at your service, [187.189.44.117]
250-SIZE 35882577
250-8BITMIME
250-STARTTLS
250-ENHANCEDSTATUSCODES
250-PIPELINING
250-CHUNKING
250 SMTPUTF8

2024-08-13 03:00:59	1	CLIENT -> SERVER: STARTTLS

2024-08-13 03:00:59	2	SERVER -> CLIENT: 220 2.0.0 Ready to start TLS

2024-08-13 03:00:59	1	CLIENT -> SERVER: EHLO localhost

2024-08-13 03:00:59	2	SERVER -> CLIENT: 250-smtp.gmail.com at your service, [187.189.44.117]
250-SIZE 35882577
250-8BITMIME
250-AUTH LOGIN PLAIN XOAUTH2 PLAIN-CLIENTTOKEN OAUTHBEARER XOAUTH
250-ENHANCEDSTATUSCODES
250-PIPELINING
250-CHUNKING
250 SMTPUTF8

2024-08-13 03:00:59	1	CLIENT -> SERVER: AUTH LOGIN

2024-08-13 03:00:59	2	SERVER -> CLIENT: 334 VXNlcm5hbWU6

2024-08-13 03:00:59	1	CLIENT -> SERVER: [credentials hidden]
2024-08-13 03:00:59	2	SERVER -> CLIENT: 334 UGFzc3dvcmQ6

2024-08-13 03:00:59	1	CLIENT -> SERVER: [credentials hidden]
2024-08-13 03:01:00	2	SERVER -> CLIENT: 535-5.7.8 Username and Password not accepted. For more information, go to
535 5.7.8  https://support.google.com/mail/?p=BadCredentials 46e09a7af769-70c7b829ae3sm1713971a34.43 - gsmtp

2024-08-13 03:01:00	1	SMTP ERROR: Password command failed: 535-5.7.8 Username and Password not accepted. For more information, go to
535 5.7.8  https://support.google.com/mail/?p=BadCredentials 46e09a7af769-70c7b829ae3sm1713971a34.43 - gsmtp

2024-08-13 03:01:00	2	SMTP Error: Could not authenticate.
2024-08-13 03:01:00	1	CLIENT -> SERVER: QUIT

2024-08-13 03:01:00	2	SERVER -> CLIENT: 221 2.0.0 closing connection 46e09a7af769-70c7b829ae3sm1713971a34.43 - gsmtp

2024-08-13 03:01:00	2	SMTP Error: Could not authenticate.
2024-08-13 03:47:18	2	SERVER -> CLIENT: 220 smtp.gmail.com ESMTP 46e09a7af769-70c7b80d4b2sm1654911a34.8 - gsmtp

2024-08-13 03:47:18	1	CLIENT -> SERVER: EHLO localhost

2024-08-13 03:47:18	2	SERVER -> CLIENT: 250-smtp.gmail.com at your service, [187.189.44.117]
250-SIZE 35882577
250-8BITMIME
250-STARTTLS
250-ENHANCEDSTATUSCODES
250-PIPELINING
250-CHUNKING
250 SMTPUTF8

2024-08-13 03:47:18	1	CLIENT -> SERVER: STARTTLS

2024-08-13 03:47:18	2	SERVER -> CLIENT: 220 2.0.0 Ready to start TLS

2024-08-13 03:47:19	1	CLIENT -> SERVER: EHLO localhost

2024-08-13 03:47:19	2	SERVER -> CLIENT: 250-smtp.gmail.com at your service, [187.189.44.117]
250-SIZE 35882577
250-8BITMIME
250-AUTH LOGIN PLAIN XOAUTH2 PLAIN-CLIENTTOKEN OAUTHBEARER XOAUTH
250-ENHANCEDSTATUSCODES
250-PIPELINING
250-CHUNKING
250 SMTPUTF8

2024-08-13 03:47:19	1	CLIENT -> SERVER: AUTH LOGIN

2024-08-13 03:47:19	2	SERVER -> CLIENT: 334 VXNlcm5hbWU6

2024-08-13 03:47:19	1	CLIENT -> SERVER: [credentials hidden]
2024-08-13 03:47:19	2	SERVER -> CLIENT: 334 UGFzc3dvcmQ6

2024-08-13 03:47:19	1	CLIENT -> SERVER: [credentials hidden]
2024-08-13 03:47:19	2	SERVER -> CLIENT: 535-5.7.8 Username and Password not accepted. For more information, go to
535 5.7.8  https://support.google.com/mail/?p=BadCredentials 46e09a7af769-70c7b80d4b2sm1654911a34.8 - gsmtp

2024-08-13 03:47:19	1	SMTP ERROR: Password command failed: 535-5.7.8 Username and Password not accepted. For more information, go to
535 5.7.8  https://support.google.com/mail/?p=BadCredentials 46e09a7af769-70c7b80d4b2sm1654911a34.8 - gsmtp

2024-08-13 03:47:19	2	SMTP Error: Could not authenticate.
2024-08-13 03:47:19	1	CLIENT -> SERVER: QUIT

2024-08-13 03:47:19	2	SERVER -> CLIENT: 221 2.0.0 closing connection 46e09a7af769-70c7b80d4b2sm1654911a34.8 - gsmtp

2024-08-13 03:47:19	2	SMTP Error: Could not authenticate.
